<?xml version="1.0" encoding="UTF-8"?>
<!-- Generated by org.testng.reporters.JUnitXMLReporter -->
<testsuite hostname="WIN-1T0II80NT4T" name="Default test" tests="4" failures="0" timestamp="1 Feb 2017 19:20:41 GMT" time="44.285" errors="0">
  <testcase name="testClick" time="0.394" classname="com.lkpower.pageObject.TestBaiduMainPage"/>
  <testcase name="testClickLoginLink" time="3.089" classname="com.lkpower.pageObject.TestBaiduMainPage"/>
  <testcase name="testClickNewsLink" time="20.85" classname="com.lkpower.pageObject.TestBaiduMainPage"/>
  <testcase name="testSendKeys" time="3.198" classname="com.lkpower.pageObject.TestBaiduMainPage"/>
</testsuite> <!-- Default test -->
