<?xml version="1.0" encoding="UTF-8"?>
<!-- Generated by org.testng.reporters.JUnitXMLReporter -->
<testsuite hostname="WIN-1T0II80NT4T" name="autoFunctionTest_v1.2_fullTest" tests="6" failures="1" timestamp="1 Feb 2017 20:21:23 GMT" time="51.985" errors="0">
  <testcase name="testcase001" time="2.298" classname="com.lkpower.testcase.BaiduMainPageCase">
    <failure type="java.lang.AssertionError" message="expected [true] but found [false]">
      <![CDATA[java.lang.AssertionError: expected [true] but found [false]
	at com.lkpower.testcase.BaiduMainPageCase.testcase001(BaiduMainPageCase.java:40)
... Removed 27 stack frames]]>
    </failure>
  </testcase> <!-- testcase001 -->
  <testcase name="testcase002" time="0.346" classname="com.lkpower.testcase.BaiduMainPageCase"/>
  <testcase name="testOnlyPassword" time="0.301" classname="com.lkpower.testcase.BaiduLoginPageCase"/>
  <testcase name="testOnlyUsername" time="0.293" classname="com.lkpower.testcase.BaiduLoginPageCase"/>
  <testcase name="testUsernamePasswdError" time="1.898" classname="com.lkpower.testcase.BaiduLoginPageCase"/>
  <testcase name="testWithoutUserNameAndPwd" time="0.153" classname="com.lkpower.testcase.BaiduLoginPageCase"/>
</testsuite> <!-- autoFunctionTest_v1.2_fullTest -->
