<?xml version="1.0" encoding="UTF-8"?>
<!-- Generated by org.testng.reporters.JUnitXMLReporter -->
<testsuite hostname="WIN-1T0II80NT4T" name="autoFucntionTestV2.0_beta-testEnv" tests="6" failures="1" timestamp="1 Feb 2017 11:52:53 GMT" time="51.017" errors="0">
  <testcase name="testcase001" time="2.331" classname="com.lkpower.testcase.BaiduMainPageCase">
    <skipped/>
  </testcase> <!-- testcase001 -->
  <testcase name="testcase001" time="2.342" classname="com.lkpower.testcase.BaiduMainPageCase">
    <skipped/>
  </testcase> <!-- testcase001 -->
  <testcase name="testcase001" time="2.364" classname="com.lkpower.testcase.BaiduMainPageCase">
    <failure type="java.lang.AssertionError" message="expected [true] but found [false]">
      <![CDATA[java.lang.AssertionError: expected [true] but found [false]
	at com.lkpower.testcase.BaiduMainPageCase.testcase001(BaiduMainPageCase.java:40)
... Removed 28 stack frames]]>
    </failure>
  </testcase> <!-- testcase001 -->
  <testcase name="testcase002" time="0.317" classname="com.lkpower.testcase.BaiduMainPageCase"/>
  <testcase name="testOnlyPassword" time="0.338" classname="com.lkpower.testcase.BaiduLoginPageCase"/>
  <testcase name="testOnlyUsername" time="0.305" classname="com.lkpower.testcase.BaiduLoginPageCase"/>
</testsuite> <!-- autoFucntionTestV2.0_beta-testEnv -->
